<?xml version="1.0" encoding="UTF-8"?>
<testng-results ignored="0" total="6" passed="6" failed="0" skipped="0">
  <reporter-output>
  </reporter-output>
  <suite started-at="2021-07-29T21:27:05Z" name="Suite" finished-at="2021-07-29T21:27:05Z" duration-ms="53">
    <groups>
    </groups>
    <test started-at="2021-07-29T21:27:05Z" name="Test" finished-at="2021-07-29T21:27:05Z" duration-ms="53">
      <class name="qaclickacademy.Mavenjava.AppiumTest">
        <test-method signature="IOSApps()[pri:0, instance:qaclickacademy.Mavenjava.AppiumTest@4d154ccd]" started-at="2021-07-30T00:27:05Z" name="IOSApps" finished-at="2021-07-30T00:27:05Z" duration-ms="1" status="PASS">
          <reporter-output>
          </reporter-output>
        </test-method> <!-- IOSApps -->
        <test-method signature="NativeAppAndroid()[pri:0, instance:qaclickacademy.Mavenjava.AppiumTest@4d154ccd]" started-at="2021-07-30T00:27:05Z" name="NativeAppAndroid" finished-at="2021-07-30T00:27:05Z" duration-ms="0" status="PASS">
          <reporter-output>
          </reporter-output>
        </test-method> <!-- NativeAppAndroid -->
      </class> <!-- qaclickacademy.Mavenjava.AppiumTest -->
      <class name="qaclickacademy.Mavenjava.RESTAPITest">
        <test-method signature="deleteTwitter()[pri:0, instance:qaclickacademy.Mavenjava.RESTAPITest@537f60bf]" started-at="2021-07-30T00:27:05Z" name="deleteTwitter" finished-at="2021-07-30T00:27:05Z" duration-ms="15" status="PASS">
          <reporter-output>
          </reporter-output>
        </test-method> <!-- deleteTwitter -->
        <test-method signature="posJira()[pri:0, instance:qaclickacademy.Mavenjava.RESTAPITest@537f60bf]" started-at="2021-07-30T00:27:05Z" name="posJira" finished-at="2021-07-30T00:27:05Z" duration-ms="1" status="PASS">
          <reporter-output>
          </reporter-output>
        </test-method> <!-- posJira -->
      </class> <!-- qaclickacademy.Mavenjava.RESTAPITest -->
      <class name="qaclickacademy.Mavenjava.SeleniumTest">
        <test-method signature="BrowserAutomation()[pri:0, instance:qaclickacademy.Mavenjava.SeleniumTest@229c6181]" started-at="2021-07-30T00:27:05Z" name="BrowserAutomation" finished-at="2021-07-30T00:27:05Z" duration-ms="1" status="PASS">
          <reporter-output>
          </reporter-output>
        </test-method> <!-- BrowserAutomation -->
        <test-method signature="elementsUi()[pri:0, instance:qaclickacademy.Mavenjava.SeleniumTest@229c6181]" started-at="2021-07-30T00:27:05Z" name="elementsUi" finished-at="2021-07-30T00:27:05Z" duration-ms="1" status="PASS">
          <reporter-output>
          </reporter-output>
        </test-method> <!-- elementsUi -->
      </class> <!-- qaclickacademy.Mavenjava.SeleniumTest -->
    </test> <!-- Test -->
  </suite> <!-- Suite -->
</testng-results>
